2019-08-08 11:52:02 select count(1) as praiseNumber, object_user_id from `common_zan` where `object_name` = 'answer' and `object_user_id` > '0' group by `object_user_id` having `praiseNumber` > '50' order by `praiseNumber` desc
2019-08-08 11:52:02 select `id`, `user_id`, `jin` from `qa_answer` where `created` between '2019-07-09 11:52:02' and '2019-08-08 11:52:02' group by `user_id`
2019-08-08 11:52:02 select * from `auth_user` where `id` in ('1000558179')
2019-08-08 11:52:02 select * from `auth_user_teacher` where `auth_user_teacher`.`user_id` in (1000558179)
2019-08-08 11:52:02 select * from `auth_user_qingting` where `auth_user_qingting`.`user_id` in (1000558179)
2019-08-08 11:52:02 select * from `auth_user_zuojia` where `auth_user_zuojia`.`user_id` in (1000558179)
2019-08-08 11:52:02 select * from `auth_user_qa` where `auth_user_qa`.`user_id` in (1000558179) and `answerer_tag_id` in ('13', '14')
2019-08-08 11:53:47 select count(1) as praiseNumber, object_user_id from `common_zan` where `object_name` = 'answer' and `object_user_id` > '0' group by `object_user_id` having `praiseNumber` > '50' order by `praiseNumber` desc
2019-08-08 11:53:48 select `id`, `user_id`, `jin` from `qa_answer` where `created` between '2019-07-09 11:53:48' and '2019-08-08 11:53:48' group by `user_id`
2019-08-08 11:53:48 select * from `auth_user` where `id` in ('1000558179')
2019-08-08 11:53:48 select * from `auth_user_teacher` where `auth_user_teacher`.`user_id` in (1000558179)
2019-08-08 11:53:48 select * from `auth_user_qingting` where `auth_user_qingting`.`user_id` in (1000558179)
2019-08-08 11:53:48 select * from `auth_user_zuojia` where `auth_user_zuojia`.`user_id` in (1000558179)
2019-08-08 11:53:48 select * from `auth_user_qa` where `auth_user_qa`.`user_id` in (1000558179) and `answerer_tag_id` in ('13', '14')
2019-08-08 11:53:48 select * from `auth_teacher_therapy` where `auth_teacher_therapy`.`user_id` = '1000558179' and `auth_teacher_therapy`.`user_id` is not null limit 1
2019-08-08 11:55:00 select count(1) as praiseNumber, object_user_id from `common_zan` where `object_name` = 'answer' and `object_user_id` > '0' group by `object_user_id` having `praiseNumber` > '50' order by `praiseNumber` desc
2019-08-08 11:55:01 select `id`, `user_id`, `jin` from `qa_answer` where `created` between '2019-07-09 11:55:01' and '2019-08-08 11:55:01' group by `user_id`
2019-08-08 11:55:01 select * from `auth_user` where `id` in ('1000558179')
2019-08-08 11:55:01 select * from `auth_user_teacher` where `auth_user_teacher`.`user_id` in (1000558179)
2019-08-08 11:55:01 select * from `auth_user_qingting` where `auth_user_qingting`.`user_id` in (1000558179)
2019-08-08 11:55:01 select * from `auth_user_zuojia` where `auth_user_zuojia`.`user_id` in (1000558179)
2019-08-08 11:55:01 select * from `auth_user_qa` where `auth_user_qa`.`user_id` in (1000558179) and `answerer_tag_id` in ('13', '14')
2019-08-08 11:55:01 select * from `auth_teacher_therapy` where `auth_teacher_therapy`.`user_id` = '1000558179' and `auth_teacher_therapy`.`user_id` is not null limit 1
2019-08-08 11:55:55 select count(1) as praiseNumber, object_user_id from `common_zan` where `object_name` = 'answer' and `object_user_id` > '0' group by `object_user_id` having `praiseNumber` > '50' order by `praiseNumber` desc
2019-08-08 11:55:55 select `id`, `user_id`, `jin` from `qa_answer` where `created` between '2019-07-09 11:55:55' and '2019-08-08 11:55:55' group by `user_id`
2019-08-08 11:55:55 select * from `auth_user` where `id` in ('1000558179')
2019-08-08 11:55:55 select * from `auth_user_teacher` where `auth_user_teacher`.`user_id` in (1000558179)
2019-08-08 11:55:55 select * from `auth_user_qingting` where `auth_user_qingting`.`user_id` in (1000558179)
2019-08-08 11:55:55 select * from `auth_user_zuojia` where `auth_user_zuojia`.`user_id` in (1000558179)
2019-08-08 11:55:56 select * from `auth_user_qa` where `auth_user_qa`.`user_id` in (1000558179) and `answerer_tag_id` in ('13', '14')
2019-08-08 11:55:56 select * from `common_custome_tag_shot` where `custome_tag_id` = '6' and `status` = '1' limit 1
2019-08-08 11:55:56 select `name`, `custome_tag_id` from `common_custome_tag_shot` where `common_custome_tag_shot`.`pid` = '805' and `common_custome_tag_shot`.`pid` is not null and `status` = '1'
2019-08-08 11:55:56 select * from `auth_teacher_therapy` where `auth_teacher_therapy`.`user_id` = '1000558179' and `auth_teacher_therapy`.`user_id` is not null limit 1
2019-08-08 14:58:05 select count(1) as praiseNumber, object_user_id from `common_zan` where `object_name` = 'answer' and `object_user_id` > '0' group by `object_user_id` having `praiseNumber` > '50' order by `praiseNumber` desc
2019-08-08 14:58:05 select `id`, `user_id`, `jin` from `qa_answer` where `created` between '2019-07-09 14:58:05' and '2019-08-08 14:58:05' group by `user_id`
2019-08-08 14:58:05 select * from `auth_user` where `id` in ('1000558179')
2019-08-08 14:58:06 select * from `auth_user_teacher` where `auth_user_teacher`.`user_id` in (1000558179)
2019-08-08 14:58:06 select * from `auth_user_qingting` where `auth_user_qingting`.`user_id` in (1000558179)
2019-08-08 14:58:06 select * from `auth_user_zuojia` where `auth_user_zuojia`.`user_id` in (1000558179)
2019-08-08 14:58:06 select * from `auth_user_qa` where `auth_user_qa`.`user_id` in (1000558179) and `answerer_tag_id` in ('13', '14')
2019-08-08 14:58:41 select count(1) as praiseNumber, object_user_id from `common_zan` where `object_name` = 'answer' and `object_user_id` > '0' group by `object_user_id` having `praiseNumber` > '50' order by `praiseNumber` desc
2019-08-08 14:58:42 select `id`, `user_id`, `jin` from `qa_answer` where `created` between '2019-07-09 14:58:41' and '2019-08-08 14:58:41' group by `user_id`
2019-08-08 14:58:42 select * from `auth_user` where `id` in ('1000558179')
2019-08-08 14:58:42 select * from `auth_user_teacher` where `auth_user_teacher`.`user_id` in (1000558179)
2019-08-08 14:58:42 select * from `auth_user_qingting` where `auth_user_qingting`.`user_id` in (1000558179)
2019-08-08 14:58:42 select * from `auth_user_zuojia` where `auth_user_zuojia`.`user_id` in (1000558179)
2019-08-08 14:58:42 select * from `auth_user_qa` where `auth_user_qa`.`user_id` in (1000558179) and `answerer_tag_id` in ('13', '14')
2019-08-08 14:59:29 select count(1) as praiseNumber, object_user_id from `common_zan` where `object_name` = 'answer' and `object_user_id` > '0' group by `object_user_id` having `praiseNumber` > '50' order by `praiseNumber` desc
2019-08-08 14:59:29 select `id`, `user_id`, `jin` from `qa_answer` where `created` between '2019-07-09 14:59:29' and '2019-08-08 14:59:29' group by `user_id`
2019-08-08 14:59:29 select * from `auth_user` where `id` in ('1000558179')
2019-08-08 14:59:29 select * from `auth_user_teacher` where `auth_user_teacher`.`user_id` in (1000558179)
2019-08-08 14:59:30 select * from `auth_user_qingting` where `auth_user_qingting`.`user_id` in (1000558179)
2019-08-08 14:59:30 select * from `auth_user_zuojia` where `auth_user_zuojia`.`user_id` in (1000558179)
2019-08-08 14:59:30 select * from `auth_user_qa` where `auth_user_qa`.`user_id` in (1000558179) and `answerer_tag_id` in ('13', '14')
2019-08-08 15:00:11 select count(1) as praiseNumber, object_user_id from `common_zan` where `object_name` = 'answer' and `object_user_id` > '0' group by `object_user_id` having `praiseNumber` > '50' order by `praiseNumber` desc
2019-08-08 15:00:11 select `id`, `user_id`, `jin` from `qa_answer` where `created` between '2019-07-09 15:00:11' and '2019-08-08 15:00:11' group by `user_id`
2019-08-08 15:00:12 select * from `auth_user` where `id` in ('1000558179')
2019-08-08 15:00:13 select * from `auth_user_teacher` where `auth_user_teacher`.`user_id` in (1000558179)
2019-08-08 15:00:14 select * from `auth_user_qingting` where `auth_user_qingting`.`user_id` in (1000558179)
2019-08-08 15:00:14 select * from `auth_user_zuojia` where `auth_user_zuojia`.`user_id` in (1000558179)
2019-08-08 15:00:15 select * from `auth_user_qa` where `auth_user_qa`.`user_id` in (1000558179) and `answerer_tag_id` in ('13', '14')
2019-08-08 15:01:29 select count(1) as praiseNumber, object_user_id from `common_zan` where `object_name` = 'answer' and `object_user_id` > '0' group by `object_user_id` having `praiseNumber` > '50' order by `praiseNumber` desc
2019-08-08 15:01:30 select `id`, `user_id`, `jin` from `qa_answer` where `created` between '2019-07-09 15:01:30' and '2019-08-08 15:01:30' group by `user_id`
2019-08-08 15:01:30 select * from `auth_user` where `id` in ('1000558179')
2019-08-08 15:01:30 select * from `auth_user_teacher` where `auth_user_teacher`.`user_id` in (1000558179)
2019-08-08 15:01:30 select * from `auth_user_qingting` where `auth_user_qingting`.`user_id` in (1000558179)
2019-08-08 15:01:30 select * from `auth_user_zuojia` where `auth_user_zuojia`.`user_id` in (1000558179)
2019-08-08 15:01:30 select * from `auth_user_qa` where `auth_user_qa`.`user_id` in (1000558179) and `answerer_tag_id` in ('13', '14')
2019-08-08 15:01:38 select count(1) as praiseNumber, object_user_id from `common_zan` where `object_name` = 'answer' and `object_user_id` > '0' group by `object_user_id` having `praiseNumber` > '50' order by `praiseNumber` desc
2019-08-08 15:01:38 select `id`, `user_id`, `jin` from `qa_answer` where `created` between '2019-07-09 15:01:38' and '2019-08-08 15:01:38' group by `user_id`
2019-08-08 15:01:38 select * from `auth_user` where `id` in ('1000558179')
2019-08-08 15:01:38 select * from `auth_user_teacher` where `auth_user_teacher`.`user_id` in (1000558179)
2019-08-08 15:01:38 select * from `auth_user_qingting` where `auth_user_qingting`.`user_id` in (1000558179)
2019-08-08 15:01:38 select * from `auth_user_zuojia` where `auth_user_zuojia`.`user_id` in (1000558179)
2019-08-08 15:01:38 select * from `auth_user_qa` where `auth_user_qa`.`user_id` in (1000558179) and `answerer_tag_id` in ('13', '14')
2019-08-08 15:01:39 select * from `auth_user_jishu` where `auth_user_jishu`.`user_id` = '1000558179' and `auth_user_jishu`.`user_id` is not null limit 1
2019-08-08 15:01:39 select * from `common_custome_tag_shot` where `custome_tag_id` = '6' and `status` = '1' limit 1
2019-08-08 15:01:39 select `name`, `custome_tag_id` from `common_custome_tag_shot` where `common_custome_tag_shot`.`pid` = '805' and `common_custome_tag_shot`.`pid` is not null and `status` = '1'
2019-08-08 15:01:39 select * from `auth_teacher_therapy` where `auth_teacher_therapy`.`user_id` = '1000558179' and `auth_teacher_therapy`.`user_id` is not null limit 1
2019-08-08 15:01:39 select * from `auth_teacher_qualification` where `auth_teacher_qualification`.`user_id` = '1000558179' and `auth_teacher_qualification`.`user_id` is not null limit 1
2019-08-08 15:01:39 select * from `auth_user_base` where `auth_user_base`.`user_id` = '1000558179' and `auth_user_base`.`user_id` is not null limit 1
2019-08-08 15:06:53 select count(1) as praiseNumber, object_user_id from `common_zan` where `object_name` = 'answer' and `object_user_id` > '0' group by `object_user_id` having `praiseNumber` > '50' order by `praiseNumber` desc
2019-08-08 15:06:54 select `id`, `user_id`, `jin` from `qa_answer` where `created` between '2019-07-09 15:06:53' and '2019-08-08 15:06:53' group by `user_id`
2019-08-08 15:06:54 select * from `auth_user` where `id` in ('1000558179')
2019-08-08 15:06:54 select * from `auth_user_teacher` where `auth_user_teacher`.`user_id` in (1000558179)
2019-08-08 15:06:54 select * from `auth_user_qingting` where `auth_user_qingting`.`user_id` in (1000558179)
2019-08-08 15:06:54 select * from `auth_user_zuojia` where `auth_user_zuojia`.`user_id` in (1000558179)
2019-08-08 15:06:54 select * from `auth_user_qa` where `auth_user_qa`.`user_id` in (1000558179) and `answerer_tag_id` in ('13', '14')
2019-08-08 15:06:54 select * from `auth_user_jishu` where `auth_user_jishu`.`user_id` = '1000558179' and `auth_user_jishu`.`user_id` is not null limit 1
2019-08-08 15:06:55 select * from `common_custome_tag_shot` where `custome_tag_id` = '6' and `status` = '1' limit 1
2019-08-08 15:06:55 select `name`, `custome_tag_id` from `common_custome_tag_shot` where `common_custome_tag_shot`.`pid` = '805' and `common_custome_tag_shot`.`pid` is not null and `status` = '1'
2019-08-08 15:06:55 select * from `auth_teacher_therapy` where `auth_teacher_therapy`.`user_id` = '1000558179' and `auth_teacher_therapy`.`user_id` is not null limit 1
2019-08-08 15:06:55 select * from `auth_teacher_qualification` where `auth_teacher_qualification`.`user_id` = '1000558179' and `auth_teacher_qualification`.`user_id` is not null limit 1
2019-08-08 15:06:55 select * from `auth_user_base` where `auth_user_base`.`user_id` = '1000558179' and `auth_user_base`.`user_id` is not null limit 1
2019-08-08 15:16:15 select count(1) as praiseNumber, object_user_id from `common_zan` where `object_name` = 'answer' and `object_user_id` > '0' group by `object_user_id` having `praiseNumber` > '50' order by `praiseNumber` desc
2019-08-08 15:16:17 select `id`, `user_id`, `jin` from `qa_answer` where `created` between '2019-07-09 15:16:15' and '2019-08-08 15:16:15' group by `user_id`
2019-08-08 15:16:20 select * from `auth_user` where `id` in ('1000558179')
2019-08-08 15:16:20 select * from `auth_user_teacher` where `auth_user_teacher`.`user_id` in (1000558179)
2019-08-08 15:16:20 select * from `auth_user_qingting` where `auth_user_qingting`.`user_id` in (1000558179)
2019-08-08 15:16:21 select * from `auth_user_zuojia` where `auth_user_zuojia`.`user_id` in (1000558179)
2019-08-08 15:16:21 select * from `auth_user_qa` where `auth_user_qa`.`user_id` in (1000558179) and `answerer_tag_id` in ('13', '14')
2019-08-08 15:16:21 select * from `auth_user_jishu` where `auth_user_jishu`.`user_id` = '1000558179' and `auth_user_jishu`.`user_id` is not null limit 1
2019-08-08 15:16:22 select * from `common_custome_tag_shot` where `custome_tag_id` = '6' and `status` = '1' limit 1
2019-08-08 15:16:22 select `name`, `custome_tag_id` from `common_custome_tag_shot` where `common_custome_tag_shot`.`pid` = '805' and `common_custome_tag_shot`.`pid` is not null and `status` = '1'
2019-08-08 15:16:22 select * from `auth_teacher_therapy` where `auth_teacher_therapy`.`user_id` = '1000558179' and `auth_teacher_therapy`.`user_id` is not null limit 1
2019-08-08 15:16:23 select * from `auth_teacher_qualification` where `auth_teacher_qualification`.`user_id` = '1000558179' and `auth_teacher_qualification`.`user_id` is not null limit 1
2019-08-08 15:16:23 select * from `auth_user_base` where `auth_user_base`.`user_id` = '1000558179' and `auth_user_base`.`user_id` is not null limit 1
2019-08-08 15:22:13 select count(1) as praiseNumber, object_user_id from `common_zan` where `object_name` = 'answer' and `object_user_id` > '0' group by `object_user_id` having `praiseNumber` > '50' order by `praiseNumber` desc
2019-08-08 15:22:14 select `id`, `user_id`, `jin` from `qa_answer` where `created` between '2019-07-09 15:22:13' and '2019-08-08 15:22:13' group by `user_id`
2019-08-08 15:22:14 select * from `auth_user` where `id` in ('1000558179')
2019-08-08 15:22:15 select * from `auth_user_teacher` where `auth_user_teacher`.`user_id` in (1000558179)
2019-08-08 15:22:16 select * from `auth_user_qingting` where `auth_user_qingting`.`user_id` in (1000558179)
2019-08-08 15:22:16 select * from `auth_user_zuojia` where `auth_user_zuojia`.`user_id` in (1000558179)
2019-08-08 15:22:17 select * from `auth_user_qa` where `auth_user_qa`.`user_id` in (1000558179) and `answerer_tag_id` in ('13', '14')
2019-08-08 15:22:17 select * from `auth_user_jishu` where `auth_user_jishu`.`user_id` = '1000558179' and `auth_user_jishu`.`user_id` is not null limit 1
2019-08-08 15:22:17 select * from `common_custome_tag_shot` where `custome_tag_id` = '6' and `status` = '1' limit 1
2019-08-08 15:22:18 select `name`, `custome_tag_id` from `common_custome_tag_shot` where `common_custome_tag_shot`.`pid` = '805' and `common_custome_tag_shot`.`pid` is not null and `status` = '1'
2019-08-08 15:22:18 select * from `auth_teacher_therapy` where `auth_teacher_therapy`.`user_id` = '1000558179' and `auth_teacher_therapy`.`user_id` is not null limit 1
2019-08-08 15:22:18 select * from `auth_teacher_qualification` where `auth_teacher_qualification`.`user_id` = '1000558179' and `auth_teacher_qualification`.`user_id` is not null limit 1
2019-08-08 15:22:18 select * from `auth_user_base` where `auth_user_base`.`user_id` = '1000558179' and `auth_user_base`.`user_id` is not null limit 1
2019-08-08 15:25:04 select count(1) as praiseNumber, object_user_id from `common_zan` where `object_name` = 'answer' and `object_user_id` > '0' group by `object_user_id` having `praiseNumber` > '50' order by `praiseNumber` desc
2019-08-08 15:25:05 select `id`, `user_id`, `jin` from `qa_answer` where `created` between '2019-07-09 15:25:04' and '2019-08-08 15:25:04' group by `user_id`
2019-08-08 15:25:05 select * from `auth_user` where `id` in ('1000558179')
2019-08-08 15:25:06 select * from `auth_user_teacher` where `auth_user_teacher`.`user_id` in (1000558179)
2019-08-08 15:25:10 select * from `auth_user_qingting` where `auth_user_qingting`.`user_id` in (1000558179)
2019-08-08 15:25:10 select * from `auth_user_zuojia` where `auth_user_zuojia`.`user_id` in (1000558179)
2019-08-08 15:25:10 select * from `auth_user_qa` where `auth_user_qa`.`user_id` in (1000558179) and `answerer_tag_id` in ('13', '14')
2019-08-08 15:25:10 select * from `auth_user_jishu` where `auth_user_jishu`.`user_id` = '1000558179' and `auth_user_jishu`.`user_id` is not null limit 1
2019-08-08 15:25:11 select * from `common_custome_tag_shot` where `custome_tag_id` = '6' and `status` = '1' limit 1
2019-08-08 15:25:11 select `name`, `custome_tag_id` from `common_custome_tag_shot` where `common_custome_tag_shot`.`pid` = '805' and `common_custome_tag_shot`.`pid` is not null and `status` = '1'
2019-08-08 15:25:11 select * from `auth_teacher_therapy` where `auth_teacher_therapy`.`user_id` = '1000558179' and `auth_teacher_therapy`.`user_id` is not null limit 1
2019-08-08 15:25:11 select * from `auth_teacher_qualification` where `auth_teacher_qualification`.`user_id` = '1000558179' and `auth_teacher_qualification`.`user_id` is not null limit 1
2019-08-08 15:25:12 select * from `auth_user_base` where `auth_user_base`.`user_id` = '1000558179' and `auth_user_base`.`user_id` is not null limit 1
2019-08-08 15:26:02 select count(1) as praiseNumber, object_user_id from `common_zan` where `object_name` = 'answer' and `object_user_id` > '0' group by `object_user_id` having `praiseNumber` > '50' order by `praiseNumber` desc
2019-08-08 15:26:02 select `id`, `user_id`, `jin` from `qa_answer` where `created` between '2019-07-09 15:26:02' and '2019-08-08 15:26:02' group by `user_id`
2019-08-08 15:26:03 select * from `auth_user` where `id` in ('1000558179')
2019-08-08 15:26:03 select * from `auth_user_teacher` where `auth_user_teacher`.`user_id` in (1000558179)
2019-08-08 15:26:03 select * from `auth_user_qingting` where `auth_user_qingting`.`user_id` in (1000558179)
2019-08-08 15:26:03 select * from `auth_user_zuojia` where `auth_user_zuojia`.`user_id` in (1000558179)
2019-08-08 15:26:03 select * from `auth_user_qa` where `auth_user_qa`.`user_id` in (1000558179) and `answerer_tag_id` in ('13', '14')
2019-08-08 15:26:03 select * from `auth_user_jishu` where `auth_user_jishu`.`user_id` = '1000558179' and `auth_user_jishu`.`user_id` is not null limit 1
2019-08-08 15:26:04 select * from `common_custome_tag_shot` where `custome_tag_id` = '6' and `status` = '1' limit 1
2019-08-08 15:26:05 select `name`, `custome_tag_id` from `common_custome_tag_shot` where `common_custome_tag_shot`.`pid` = '805' and `common_custome_tag_shot`.`pid` is not null and `status` = '1'
2019-08-08 15:26:05 select * from `auth_teacher_therapy` where `auth_teacher_therapy`.`user_id` = '1000558179' and `auth_teacher_therapy`.`user_id` is not null limit 1
2019-08-08 15:26:05 select * from `auth_teacher_qualification` where `auth_teacher_qualification`.`user_id` = '1000558179' and `auth_teacher_qualification`.`user_id` is not null limit 1
2019-08-08 15:26:05 select * from `auth_user_base` where `auth_user_base`.`user_id` = '1000558179' and `auth_user_base`.`user_id` is not null limit 1
2019-08-08 15:53:46 select count(1) as praiseNumber, object_user_id from `common_zan` where `object_name` = 'answer' and `object_user_id` > '0' group by `object_user_id` having `praiseNumber` > '50' order by `praiseNumber` desc
2019-08-08 15:53:46 select `id`, `user_id`, `jin` from `qa_answer` where `created` between '2019-07-09 15:53:46' and '2019-08-08 15:53:46' group by `user_id`
2019-08-08 15:53:46 select * from `auth_user` where `id` in ('1000558179')
2019-08-08 15:53:47 select * from `auth_user_teacher` where `auth_user_teacher`.`user_id` in (1000558179)
2019-08-08 15:53:47 select * from `auth_user_qingting` where `auth_user_qingting`.`user_id` in (1000558179)
2019-08-08 15:53:47 select * from `auth_user_zuojia` where `auth_user_zuojia`.`user_id` in (1000558179)
2019-08-08 15:53:47 select * from `auth_user_qa` where `auth_user_qa`.`user_id` in (1000558179) and `answerer_tag_id` in ('13', '14')
2019-08-08 15:53:47 select * from `auth_user_jishu` where `auth_user_jishu`.`user_id` = '1000558179' and `auth_user_jishu`.`user_id` is not null limit 1
2019-08-08 15:53:48 select * from `common_custome_tag_shot` where `custome_tag_id` = '6' and `status` = '1' limit 1
2019-08-08 15:53:49 select `name`, `custome_tag_id` from `common_custome_tag_shot` where `common_custome_tag_shot`.`pid` = '805' and `common_custome_tag_shot`.`pid` is not null and `status` = '1'
2019-08-08 15:53:49 select * from `auth_teacher_therapy` where `auth_teacher_therapy`.`user_id` = '1000558179' and `auth_teacher_therapy`.`user_id` is not null limit 1
2019-08-08 15:53:49 select * from `auth_teacher_qualification` where `auth_teacher_qualification`.`user_id` = '1000558179' and `auth_teacher_qualification`.`user_id` is not null limit 1
2019-08-08 15:53:50 select * from `auth_user_base` where `auth_user_base`.`user_id` = '1000558179' and `auth_user_base`.`user_id` is not null limit 1
2019-08-08 15:56:39 select count(1) as praiseNumber, object_user_id from `common_zan` where `object_name` = 'answer' and `object_user_id` > '0' group by `object_user_id` having `praiseNumber` > '50' order by `praiseNumber` desc
2019-08-08 15:56:39 select `id`, `user_id`, `jin` from `qa_answer` where `created` between '2019-07-09 15:56:39' and '2019-08-08 15:56:39' group by `user_id`
2019-08-08 15:56:39 select * from `auth_user` where `id` in ('1000558179')
2019-08-08 15:56:40 select * from `auth_user_teacher` where `auth_user_teacher`.`user_id` in (1000558179)
2019-08-08 15:56:40 select * from `auth_user_qingting` where `auth_user_qingting`.`user_id` in (1000558179)
2019-08-08 15:56:40 select * from `auth_user_zuojia` where `auth_user_zuojia`.`user_id` in (1000558179)
2019-08-08 15:56:40 select * from `auth_user_qa` where `auth_user_qa`.`user_id` in (1000558179) and `answerer_tag_id` in ('13', '14')
2019-08-08 15:56:40 select * from `auth_user_jishu` where `auth_user_jishu`.`user_id` = '1000558179' and `auth_user_jishu`.`user_id` is not null limit 1
2019-08-08 15:56:40 select * from `common_custome_tag_shot` where `custome_tag_id` = '6' and `status` = '1' limit 1
2019-08-08 15:56:40 select `name`, `custome_tag_id` from `common_custome_tag_shot` where `common_custome_tag_shot`.`pid` = '805' and `common_custome_tag_shot`.`pid` is not null and `status` = '1'
2019-08-08 15:56:40 select * from `auth_teacher_therapy` where `auth_teacher_therapy`.`user_id` = '1000558179' and `auth_teacher_therapy`.`user_id` is not null limit 1
2019-08-08 15:56:40 select * from `auth_teacher_qualification` where `auth_teacher_qualification`.`user_id` = '1000558179' and `auth_teacher_qualification`.`user_id` is not null limit 1
2019-08-08 15:56:40 select * from `auth_user_base` where `auth_user_base`.`user_id` = '1000558179' and `auth_user_base`.`user_id` is not null limit 1
2019-08-08 15:58:55 select count(1) as praiseNumber, object_user_id from `common_zan` where `object_name` = 'answer' and `object_user_id` > '0' group by `object_user_id` having `praiseNumber` > '50' order by `praiseNumber` desc
2019-08-08 15:58:55 select `id`, `user_id`, `jin` from `qa_answer` where `created` between '2019-07-09 15:58:55' and '2019-08-08 15:58:55' group by `user_id`
2019-08-08 15:58:55 select * from `auth_user` where `id` in ('1000558179')
2019-08-08 15:58:55 select * from `auth_user_teacher` where `auth_user_teacher`.`user_id` in (1000558179)
2019-08-08 15:58:55 select * from `auth_user_qingting` where `auth_user_qingting`.`user_id` in (1000558179)
2019-08-08 15:58:56 select * from `auth_user_zuojia` where `auth_user_zuojia`.`user_id` in (1000558179)
2019-08-08 15:58:56 select * from `auth_user_qa` where `auth_user_qa`.`user_id` in (1000558179) and `answerer_tag_id` in ('13', '14')
2019-08-08 15:58:56 select * from `auth_user_jishu` where `auth_user_jishu`.`user_id` = '1000558179' and `auth_user_jishu`.`user_id` is not null limit 1
2019-08-08 15:58:56 select * from `common_custome_tag_shot` where `custome_tag_id` = '6' and `status` = '1' limit 1
2019-08-08 15:58:56 select `name`, `custome_tag_id` from `common_custome_tag_shot` where `common_custome_tag_shot`.`pid` = '805' and `common_custome_tag_shot`.`pid` is not null and `status` = '1'
2019-08-08 15:58:56 select * from `auth_teacher_therapy` where `auth_teacher_therapy`.`user_id` = '1000558179' and `auth_teacher_therapy`.`user_id` is not null limit 1
2019-08-08 15:58:56 select * from `auth_teacher_qualification` where `auth_teacher_qualification`.`user_id` = '1000558179' and `auth_teacher_qualification`.`user_id` is not null limit 1
2019-08-08 15:58:56 select * from `auth_user_base` where `auth_user_base`.`user_id` = '1000558179' and `auth_user_base`.`user_id` is not null limit 1
2019-08-08 15:59:26 select count(1) as praiseNumber, object_user_id from `common_zan` where `object_name` = 'answer' and `object_user_id` > '0' group by `object_user_id` having `praiseNumber` > '50' order by `praiseNumber` desc
2019-08-08 15:59:26 select `id`, `user_id`, `jin` from `qa_answer` where `created` between '2019-07-09 15:59:26' and '2019-08-08 15:59:26' group by `user_id`
2019-08-08 15:59:26 select * from `auth_user` where `id` in ('1000558179')
2019-08-08 15:59:26 select * from `auth_user_teacher` where `auth_user_teacher`.`user_id` in (1000558179)
2019-08-08 15:59:26 select * from `auth_user_qingting` where `auth_user_qingting`.`user_id` in (1000558179)
2019-08-08 15:59:26 select * from `auth_user_zuojia` where `auth_user_zuojia`.`user_id` in (1000558179)
2019-08-08 15:59:27 select * from `auth_user_qa` where `auth_user_qa`.`user_id` in (1000558179) and `answerer_tag_id` in ('13', '14')
2019-08-08 15:59:27 select * from `auth_user_jishu` where `auth_user_jishu`.`user_id` = '1000558179' and `auth_user_jishu`.`user_id` is not null limit 1
2019-08-08 15:59:27 select * from `common_custome_tag_shot` where `custome_tag_id` = '6' and `status` = '1' limit 1
2019-08-08 15:59:27 select `name`, `custome_tag_id` from `common_custome_tag_shot` where `common_custome_tag_shot`.`pid` = '805' and `common_custome_tag_shot`.`pid` is not null and `status` = '1'
2019-08-08 15:59:27 select * from `auth_teacher_therapy` where `auth_teacher_therapy`.`user_id` = '1000558179' and `auth_teacher_therapy`.`user_id` is not null limit 1
2019-08-08 15:59:28 select * from `auth_teacher_qualification` where `auth_teacher_qualification`.`user_id` = '1000558179' and `auth_teacher_qualification`.`user_id` is not null limit 1
2019-08-08 15:59:28 select * from `auth_user_base` where `auth_user_base`.`user_id` = '1000558179' and `auth_user_base`.`user_id` is not null limit 1
