2019-08-12 15:00:11 select `user_id` from `qa_answer` where exists (select * from `qa_answer_attribute_tag` where `qa_answer`.`id` = `qa_answer_attribute_tag`.`answer_id` and `created` between '2019-07-01 00:00:00' and '2019-07-31 23:59:59')
2019-08-12 15:00:11 select * from `qa_user_level` where exists (select * from `qa_level` where `qa_user_level`.`qa_level_id` = `qa_level`.`id` and `reward_parameters` != '') and `user_id` in ('1006275901')
2019-08-12 15:00:42 select `user_id` from `qa_answer` where `created` between '2019-07-01 00:00:00' and '2019-07-31 23:59:59' group by `user_id`
2019-08-12 15:00:43 select `user_id` from `qa_answer` where exists (select * from `qa_answer_attribute_tag` where `qa_answer`.`id` = `qa_answer_attribute_tag`.`answer_id` and `created` between '2019-07-01 00:00:00' and '2019-07-31 23:59:59')
2019-08-12 15:00:43 select count(*) as aggregate from `qa_answer` where `user_id` = '1' and `created` between '2019-07-01 00:00:00' and '2019-07-31 23:59:59' and exists (select * from `qa_answer_attribute_tag` where `qa_answer`.`id` = `qa_answer_attribute_tag`.`answer_id` and `answerer_operation_tag_id` in ('10', '11')) and not exists (select 1 from `qa_answer` as `child_qa_answer` where child_qa_answer.question_id = qa_answer.question_id and child_qa_answer.created < qa_answer.created)
2019-08-12 15:00:43 select exists(select * from `qa_reward_roles` where `user_id` = '1' and `status` = '1') as `exists`
2019-08-12 15:01:10 select `user_id` from `qa_answer` where `created` between '2019-07-01 00:00:00' and '2019-07-31 23:59:59' group by `user_id`
2019-08-12 15:01:12 select `user_id` from `qa_answer` where exists (select * from `qa_answer_attribute_tag` where `qa_answer`.`id` = `qa_answer_attribute_tag`.`answer_id` and `created` between '2019-07-01 00:00:00' and '2019-07-31 23:59:59')
2019-08-12 15:01:58 select count(*) as aggregate from `qa_answer` where `user_id` = '1' and `created` between '2019-07-01 00:00:00' and '2019-07-31 23:59:59' and exists (select * from `qa_answer_attribute_tag` where `qa_answer`.`id` = `qa_answer_attribute_tag`.`answer_id` and `answerer_operation_tag_id` in ('10', '11')) and not exists (select 1 from `qa_answer` as `child_qa_answer` where child_qa_answer.question_id = qa_answer.question_id and child_qa_answer.created < qa_answer.created)
2019-08-12 15:01:58 select exists(select * from `qa_reward_roles` where `user_id` = '1' and `status` = '1') as `exists`
2019-08-12 15:03:10 select `user_id` from `qa_answer` where `created` between '2019-07-01 00:00:00' and '2019-07-31 23:59:59' group by `user_id`
2019-08-12 15:03:11 select `user_id` from `qa_answer` where exists (select * from `qa_answer_attribute_tag` where `qa_answer`.`id` = `qa_answer_attribute_tag`.`answer_id` and `created` between '2019-07-01 00:00:00' and '2019-07-31 23:59:59')
2019-08-12 15:03:12 select count(*) as aggregate from `qa_answer` where `user_id` = '1' and `created` between '2019-07-01 00:00:00' and '2019-07-31 23:59:59' and exists (select * from `qa_answer_attribute_tag` where `qa_answer`.`id` = `qa_answer_attribute_tag`.`answer_id` and `answerer_operation_tag_id` in ('10', '11')) and not exists (select 1 from `qa_answer` as `child_qa_answer` where child_qa_answer.question_id = qa_answer.question_id and child_qa_answer.created < qa_answer.created)
2019-08-12 15:03:12 select exists(select * from `qa_reward_roles` where `user_id` = '1' and `status` = '1') as `exists`
2019-08-12 15:03:12 insert into `common_temporary_bill` (`user_id`, `object_name`, `object_id`, `total_fee`, `service_Fee`, `actual_fee`, `extra`, `status`) values ('1', 'qa.level.first.answer.reward', '0', '0.2', '0', '0.2', '', '0')
2019-08-12 15:03:12 select count(*) as aggregate from `qa_answer` where `user_id` = '1006275901' and `created` between '2019-07-01 00:00:00' and '2019-07-31 23:59:59' and exists (select * from `qa_answer_attribute_tag` where `qa_answer`.`id` = `qa_answer_attribute_tag`.`answer_id` and `answerer_operation_tag_id` in ('10', '11')) and not exists (select 1 from `qa_answer` as `child_qa_answer` where child_qa_answer.question_id = qa_answer.question_id and child_qa_answer.created < qa_answer.created)
2019-08-12 15:03:12 select count(*) as aggregate from `qa_answer` where `user_id` = '1006275955' and `created` between '2019-07-01 00:00:00' and '2019-07-31 23:59:59' and exists (select * from `qa_answer_attribute_tag` where `qa_answer`.`id` = `qa_answer_attribute_tag`.`answer_id` and `answerer_operation_tag_id` in ('10', '11')) and not exists (select 1 from `qa_answer` as `child_qa_answer` where child_qa_answer.question_id = qa_answer.question_id and child_qa_answer.created < qa_answer.created)
2019-08-12 15:03:12 select count(*) as aggregate from `qa_answer` where `user_id` = '1006275972' and `created` between '2019-07-01 00:00:00' and '2019-07-31 23:59:59' and exists (select * from `qa_answer_attribute_tag` where `qa_answer`.`id` = `qa_answer_attribute_tag`.`answer_id` and `answerer_operation_tag_id` in ('10', '11')) and not exists (select 1 from `qa_answer` as `child_qa_answer` where child_qa_answer.question_id = qa_answer.question_id and child_qa_answer.created < qa_answer.created)
2019-08-12 15:04:49 select `user_id` from `qa_answer` where exists (select * from `qa_answer_attribute_tag` where `qa_answer`.`id` = `qa_answer_attribute_tag`.`answer_id` and `created` between '2019-07-01 00:00:00' and '2019-07-31 23:59:59')
2019-08-12 15:04:49 select * from `qa_user_level` where exists (select * from `qa_level` where `qa_user_level`.`qa_level_id` = `qa_level`.`id` and `reward_parameters` != '') and `user_id` in ('1006275901')
2019-08-12 15:05:08 select `user_id` from `qa_answer` where exists (select * from `qa_answer_attribute_tag` where `qa_answer`.`id` = `qa_answer_attribute_tag`.`answer_id` and `created` between '2019-07-01 00:00:00' and '2019-07-31 23:59:59')
2019-08-12 15:05:08 select * from `qa_user_level` where exists (select * from `qa_level` where `qa_user_level`.`qa_level_id` = `qa_level`.`id` and `reward_parameters` != '') and `user_id` in ('1006275901')
2019-08-12 15:58:26 select `user_id` from `qa_answer` where exists (select * from `qa_answer_attribute_tag` where `qa_answer`.`id` = `qa_answer_attribute_tag`.`answer_id` and `created` between '2019-07-01 00:00:00' and '2019-07-31 23:59:59')
2019-08-12 15:58:26 select * from `qa_user_level` where exists (select * from `qa_level` where `qa_user_level`.`qa_level_id` = `qa_level`.`id` and `reward_parameters` != '') and `user_id` in ('1006275901')
2019-08-12 15:58:54 select `user_id` from `qa_answer` where `created` between '2019-07-01 00:00:00' and '2019-07-31 23:59:59' group by `user_id`
2019-08-12 15:58:55 select `user_id` from `qa_answer` where exists (select * from `qa_answer_attribute_tag` where `qa_answer`.`id` = `qa_answer_attribute_tag`.`answer_id` and `created` between '2019-07-01 00:00:00' and '2019-07-31 23:59:59')
2019-08-12 15:58:55 select count(*) as aggregate from `qa_answer` where `user_id` = '1' and `created` between '2019-07-01 00:00:00' and '2019-07-31 23:59:59' and exists (select * from `qa_answer_attribute_tag` where `qa_answer`.`id` = `qa_answer_attribute_tag`.`answer_id` and `answerer_operation_tag_id` in ('10', '11')) and not exists (select 1 from `qa_answer` as `child_qa_answer` where child_qa_answer.question_id = qa_answer.question_id and child_qa_answer.created < qa_answer.created)
2019-08-12 15:58:56 select exists(select * from `qa_reward_roles` where `user_id` = '1' and `status` = '1') as `exists`
2019-08-12 15:59:13 select `user_id` from `qa_answer` where `created` between '2019-07-01 00:00:00' and '2019-07-31 23:59:59' group by `user_id`
2019-08-12 15:59:15 select `user_id` from `qa_answer` where exists (select * from `qa_answer_attribute_tag` where `qa_answer`.`id` = `qa_answer_attribute_tag`.`answer_id` and `created` between '2019-07-01 00:00:00' and '2019-07-31 23:59:59')
2019-08-12 15:59:29 select count(*) as aggregate from `qa_answer` where `user_id` = '1' and `created` between '2019-07-01 00:00:00' and '2019-07-31 23:59:59' and exists (select * from `qa_answer_attribute_tag` where `qa_answer`.`id` = `qa_answer_attribute_tag`.`answer_id` and `answerer_operation_tag_id` in ('10', '11')) and not exists (select 1 from `qa_answer` as `child_qa_answer` where child_qa_answer.question_id = qa_answer.question_id and child_qa_answer.created < qa_answer.created)
2019-08-12 15:59:30 select exists(select * from `qa_reward_roles` where `user_id` = '1' and `status` = '1') as `exists`
2019-08-12 16:01:35 select `user_id` from `qa_answer` where `created` between '2019-07-01 00:00:00' and '2019-07-31 23:59:59' group by `user_id`
2019-08-12 16:01:37 select `user_id` from `qa_answer` where exists (select * from `qa_answer_attribute_tag` where `qa_answer`.`id` = `qa_answer_attribute_tag`.`answer_id` and `created` between '2019-07-01 00:00:00' and '2019-07-31 23:59:59')
2019-08-12 16:01:37 select count(*) as aggregate from `qa_answer` where `user_id` = '1' and `created` between '2019-07-01 00:00:00' and '2019-07-31 23:59:59' and exists (select * from `qa_answer_attribute_tag` where `qa_answer`.`id` = `qa_answer_attribute_tag`.`answer_id` and `answerer_operation_tag_id` in ('10', '11')) and not exists (select 1 from `qa_answer` as `child_qa_answer` where child_qa_answer.question_id = qa_answer.question_id and child_qa_answer.created < qa_answer.created)
2019-08-12 16:01:37 select exists(select * from `qa_reward_roles` where `user_id` = '1' and `status` = '1') as `exists`
2019-08-12 16:01:37 insert into `common_temporary_bill` (`user_id`, `object_name`, `object_id`, `total_fee`, `service_Fee`, `actual_fee`, `channel`, `extra`, `status`) values ('1', 'qa.level.first.answer.reward', '0', '0.2', '0', '0.2', 'qa', '', '0')
2019-08-12 16:01:37 select count(*) as aggregate from `qa_answer` where `user_id` = '1006275901' and `created` between '2019-07-01 00:00:00' and '2019-07-31 23:59:59' and exists (select * from `qa_answer_attribute_tag` where `qa_answer`.`id` = `qa_answer_attribute_tag`.`answer_id` and `answerer_operation_tag_id` in ('10', '11')) and not exists (select 1 from `qa_answer` as `child_qa_answer` where child_qa_answer.question_id = qa_answer.question_id and child_qa_answer.created < qa_answer.created)
2019-08-12 16:01:37 select count(*) as aggregate from `qa_answer` where `user_id` = '1006275955' and `created` between '2019-07-01 00:00:00' and '2019-07-31 23:59:59' and exists (select * from `qa_answer_attribute_tag` where `qa_answer`.`id` = `qa_answer_attribute_tag`.`answer_id` and `answerer_operation_tag_id` in ('10', '11')) and not exists (select 1 from `qa_answer` as `child_qa_answer` where child_qa_answer.question_id = qa_answer.question_id and child_qa_answer.created < qa_answer.created)
2019-08-12 16:01:38 select count(*) as aggregate from `qa_answer` where `user_id` = '1006275972' and `created` between '2019-07-01 00:00:00' and '2019-07-31 23:59:59' and exists (select * from `qa_answer_attribute_tag` where `qa_answer`.`id` = `qa_answer_attribute_tag`.`answer_id` and `answerer_operation_tag_id` in ('10', '11')) and not exists (select 1 from `qa_answer` as `child_qa_answer` where child_qa_answer.question_id = qa_answer.question_id and child_qa_answer.created < qa_answer.created)
